# JRE version: Java(TM) SE Runtime Environment (17.0.10+11) (build 17.0.10+11-LTS-240)
# Java VM: Java HotSpot(TM) 64-Bit Server VM (17.0.10+11-LTS-240, mixed mode, sharing, tiered, compressed oops, compressed class ptrs, g1 gc, linux-amd64)
GC Precious Log:
 CPUs: 4 total, 4 available
 Memory: 7681M
 Large Page Support: Disabled
 NUMA Support: Disabled
 Compressed Oops: Enabled (32-bit)
 Heap Region Size: 1M
 Heap Min Capacity: 8M
 Heap Initial Capacity: 122M
 Heap Max Capacity: 1922M
 Pre-touch: Disabled
 Parallel Workers: 4
 Concurrent Workers: 1
 Concurrent Refinement Workers: 4
 Periodic GC: Disabled
Heap:
 garbage-first heap   total 65536K, used 33449K [0x0000000087e00000, 0x0000000100000000)
  region size 1024K, 6 young (6144K), 1 survivors (1024K)
 Metaspace       used 33736K, committed 34176K, reserved 1114112K
  class space    used 4267K, committed 4480K, reserved 1048576K
GC Heap History (20 events):
Event: 177.925 GC heap before
{Heap before GC invocations=8 (full 0):
 garbage-first heap   total 65536K, used 46980K [0x0000000087e00000, 0x0000000100000000)
  region size 1024K, 23 young (23552K), 2 survivors (2048K)
 Metaspace       used 32841K, committed 33280K, reserved 1114112K
  class space    used 4237K, committed 4480K, reserved 1048576K
}
Event: 177.928 GC heap after
{Heap after GC invocations=9 (full 0):
 garbage-first heap   total 65536K, used 26855K [0x0000000087e00000, 0x0000000100000000)
  region size 1024K, 2 young (2048K), 2 survivors (2048K)
 Metaspace       used 32841K, committed 33280K, reserved 1114112K
  class space    used 4237K, committed 4480K, reserved 1048576K
}
Event: 235.714 GC heap before
{Heap before GC invocations=9 (full 0):
 garbage-first heap   total 65536K, used 48359K [0x0000000087e00000, 0x0000000100000000)
  region size 1024K, 24 young (24576K), 2 survivors (2048K)
 Metaspace       used 33157K, committed 33536K, reserved 1114112K
  class space    used 4254K, committed 4480K, reserved 1048576K
}
Event: 235.720 GC heap after
{Heap after GC invocations=10 (full 0):
 garbage-first heap   total 65536K, used 27422K [0x0000000087e00000, 0x0000000100000000)
  region size 1024K, 2 young (2048K), 2 survivors (2048K)
 Metaspace       used 33157K, committed 33536K, reserved 1114112K
  class space    used 4254K, committed 4480K, reserved 1048576K
}
Event: 276.386 GC heap before
{Heap before GC invocations=10 (full 0):
 garbage-first heap   total 65536K, used 48926K [0x0000000087e00000, 0x0000000100000000)
  region size 1024K, 24 young (24576K), 2 survivors (2048K)
 Metaspace       used 33210K, committed 33664K, reserved 1114112K
  class space    used 4254K, committed 4480K, reserved 1048576K
}
Event: 276.392 GC heap after
{Heap after GC invocations=11 (full 0):
 garbage-first heap   total 65536K, used 28970K [0x0000000087e00000, 0x0000000100000000)
  region size 1024K, 3 young (3072K), 3 survivors (3072K)
 Metaspace       used 33210K, committed 33664K, reserved 1114112K
  class space    used 4254K, committed 4480K, reserved 1048576K
}
Event: 324.347 GC heap before
{Heap before GC invocations=11 (full 0):
 garbage-first heap   total 65536K, used 48426K [0x0000000087e00000, 0x0000000100000000)
  region size 1024K, 23 young (23552K), 3 survivors (3072K)
 Metaspace       used 33339K, committed 33728K, reserved 1114112K
  class space    used 4258K, committed 4480K, reserved 1048576K
}
Event: 324.349 GC heap after
{Heap after GC invocations=12 (full 0):
 garbage-first heap   total 65536K, used 31108K [0x0000000087e00000, 0x0000000100000000)
  region size 1024K, 2 young (2048K), 2 survivors (2048K)
 Metaspace       used 33339K, committed 33728K, reserved 1114112K
  class space    used 4258K, committed 4480K, reserved 1048576K
}
Event: 342.303 GC heap before
{Heap before GC invocations=12 (full 0):
 garbage-first heap   total 65536K, used 48516K [0x0000000087e00000, 0x0000000100000000)
  region size 1024K, 20 young (20480K), 2 survivors (2048K)
 Metaspace       used 33438K, committed 33856K, reserved 1114112K
  class space    used 4261K, committed 4480K, reserved 1048576K
}
Event: 342.310 GC heap after
{Heap after GC invocations=13 (full 0):
 garbage-first heap   total 65536K, used 32594K [0x0000000087e00000, 0x0000000100000000)
  region size 1024K, 3 young (3072K), 3 survivors (3072K)
 Metaspace       used 33438K, committed 33856K, reserved 1114112K
  class space    used 4261K, committed 4480K, reserved 1048576K
}
Event: 371.648 GC heap before
{Heap before GC invocations=14 (full 0):
 garbage-first heap   total 65536K, used 44882K [0x0000000087e00000, 0x0000000100000000)
  region size 1024K, 19 young (19456K), 3 survivors (3072K)
 Metaspace       used 33501K, committed 33920K, reserved 1114112K
  class space    used 4261K, committed 4480K, reserved 1048576K
}
Event: 371.653 GC heap after
{Heap after GC invocations=15 (full 0):
 garbage-first heap   total 65536K, used 30260K [0x0000000087e00000, 0x0000000100000000)
  region size 1024K, 3 young (3072K), 3 survivors (3072K)
 Metaspace       used 33501K, committed 33920K, reserved 1114112K
  class space    used 4261K, committed 4480K, reserved 1048576K
}
Event: 376.439 GC heap before
{Heap before GC invocations=15 (full 0):
 garbage-first heap   total 65536K, used 31284K [0x0000000087e00000, 0x0000000100000000)
  region size 1024K, 4 young (4096K), 3 survivors (3072K)
 Metaspace       used 33501K, committed 33920K, reserved 1114112K
  class space    used 4261K, committed 4480K, reserved 1048576K
}
Event: 376.442 GC heap after
{Heap after GC invocations=16 (full 0):
 garbage-first heap   total 65536K, used 30133K [0x0000000087e00000, 0x0000000100000000)
  region size 1024K, 1 young (1024K), 1 survivors (1024K)
 Metaspace       used 33501K, committed 33920K, reserved 1114112K
  class space    used 4261K, committed 4480K, reserved 1048576K
}
Event: 390.106 GC heap before
{Heap before GC invocations=16 (full 0):
 garbage-first heap   total 65536K, used 47541K [0x0000000087e00000, 0x0000000100000000)
  region size 1024K, 19 young (19456K), 1 survivors (1024K)
 Metaspace       used 33607K, committed 33984K, reserved 1114112K
  class space    used 4261K, committed 4480K, reserved 1048576K
}
Event: 390.118 GC heap after
{Heap after GC invocations=17 (full 0):
 garbage-first heap   total 65536K, used 31355K [0x0000000087e00000, 0x0000000100000000)
  region size 1024K, 2 young (2048K), 2 survivors (2048K)
 Metaspace       used 33607K, committed 33984K, reserved 1114112K
  class space    used 4261K, committed 4480K, reserved 1048576K
}
Event: 417.346 GC heap before
{Heap before GC invocations=18 (full 0):
 garbage-first heap   total 65536K, used 48763K [0x0000000087e00000, 0x0000000100000000)
  region size 1024K, 20 young (20480K), 2 survivors (2048K)
 Metaspace       used 33714K, committed 34112K, reserved 1114112K
  class space    used 4267K, committed 4480K, reserved 1048576K
}
Event: 417.355 GC heap after
{Heap after GC invocations=19 (full 0):
 garbage-first heap   total 65536K, used 32493K [0x0000000087e00000, 0x0000000100000000)
  region size 1024K, 3 young (3072K), 3 survivors (3072K)
 Metaspace       used 33714K, committed 34112K, reserved 1114112K
  class space    used 4267K, committed 4480K, reserved 1048576K
}
Event: 417.659 GC heap before
{Heap before GC invocations=19 (full 0):
 garbage-first heap   total 65536K, used 33517K [0x0000000087e00000, 0x0000000100000000)
  region size 1024K, 4 young (4096K), 3 survivors (3072K)
 Metaspace       used 33720K, committed 34112K, reserved 1114112K
  class space    used 4267K, committed 4480K, reserved 1048576K
}
Event: 417.663 GC heap after
{Heap after GC invocations=20 (full 0):
 garbage-first heap   total 65536K, used 30377K [0x0000000087e00000, 0x0000000100000000)
  region size 1024K, 1 young (1024K), 1 survivors (1024K)
 Metaspace       used 33720K, committed 34112K, reserved 1114112K
  class space    used 4267K, committed 4480K, reserved 1048576K
}

